<?xml version="1.0" encoding="UTF-8"?>
<!-- Generated by org.testng.reporters.JUnitXMLReporter -->
<testsuite ignored="0" hostname="user1" failures="0" tests="21" name="Test" time="624.805" errors="0" timestamp="2023-02-21T23:44:09 IST">
  <testcase classname="TestNG.TC_22" name="validate_TC22" time="25.307"/>
  <testcase classname="TestNG.TC_11" name="validate_TC11" time="22.989"/>
  <testcase classname="TestNG.TC_21" name="validate_TC21" time="26.735"/>
  <testcase classname="TestNG.TC_10" name="validate_TC10" time="22.972"/>
  <testcase classname="TestNG.TC_20" name="validate_TC20" time="26.095"/>
  <testcase classname="TestNG.TC_19" name="validate_TC19" time="18.668"/>
  <testcase classname="TestNG.TC_08" name="validaye_TC08" time="20.34"/>
  <testcase classname="TestNG.TC_18" name="validate_TC18" time="29.353"/>
  <testcase classname="TestNG.TC_17" name="validtae_TC17" time="19.685"/>
  <testcase classname="TestNG.TC_06" name="validate_T06" time="49.374"/>
  <testcase classname="TestNG.TC_16" name="validate_TC16" time="19.961"/>
  <testcase classname="TestNG.TC_05" name="validate_TC05" time="24.269"/>
  <testcase classname="TestNG.TC_15" name="validate_TC15" time="29.816"/>
  <testcase classname="TestNG.TC_14" name="validate_TC14" time="35.751"/>
  <testcase classname="TestNG.TC_03" name="validate_TC03" time="30.524"/>
  <testcase classname="TestNG.TC_24" name="validate_TC24" time="63.617"/>
  <testcase classname="TestNG.TC_13" name="validate_TC13" time="40.126"/>
  <testcase classname="TestNG.TC_23" name="validate_TC23" time="22.303"/>
  <testcase classname="TestNG.TC_12" name="validate_TC12" time="33.55"/>
  <testcase classname="TestNG.TC_01" name="validate_TC01" time="35.084"/>
  <testcase classname="TestNG.TC_09" name="validate_TC09" time="27.956"/>
</testsuite> <!-- Test -->
