<?xml version="1.0" encoding="UTF-8"?>
<testng-results ignored="0" total="21" passed="21" failed="0" skipped="0">
  <reporter-output>
  </reporter-output>
  <suite started-at="2023-02-21T23:33:44 IST" name="Suite" finished-at="2023-02-21T23:44:09 IST" duration-ms="624805">
    <groups>
    </groups>
    <test started-at="2023-02-21T23:33:44 IST" name="Test" finished-at="2023-02-21T23:44:09 IST" duration-ms="624805">
      <class name="TestNG.TC_15">
        <test-method signature="validate_TC15()[pri:0, instance:TestNG.TC_15@3e58a80e]" started-at="2023-02-21T23:38:50 IST" name="validate_TC15" finished-at="2023-02-21T23:39:20 IST" duration-ms="29816" status="PASS">
          <reporter-output>
          </reporter-output>
        </test-method> <!-- validate_TC15 -->
      </class> <!-- TestNG.TC_15 -->
      <class name="TestNG.TC_14">
        <test-method signature="validate_TC14()[pri:0, instance:TestNG.TC_14@4fb61f4a]" started-at="2023-02-21T23:39:20 IST" name="validate_TC14" finished-at="2023-02-21T23:39:56 IST" duration-ms="35751" status="PASS">
          <reporter-output>
          </reporter-output>
        </test-method> <!-- validate_TC14 -->
      </class> <!-- TestNG.TC_14 -->
      <class name="TestNG.TC_03">
        <test-method signature="validate_TC03()[pri:0, instance:TestNG.TC_03@4fb0f2b9]" started-at="2023-02-21T23:39:56 IST" name="validate_TC03" finished-at="2023-02-21T23:40:26 IST" duration-ms="30524" status="PASS">
          <reporter-output>
          </reporter-output>
        </test-method> <!-- validate_TC03 -->
      </class> <!-- TestNG.TC_03 -->
      <class name="TestNG.TC_06">
        <test-method signature="validate_T06()[pri:0, instance:TestNG.TC_06@4466af20]" started-at="2023-02-21T23:37:17 IST" name="validate_T06" finished-at="2023-02-21T23:38:06 IST" duration-ms="49374" status="PASS">
          <reporter-output>
          </reporter-output>
        </test-method> <!-- validate_T06 -->
      </class> <!-- TestNG.TC_06 -->
      <class name="TestNG.TC_17">
        <test-method signature="validtae_TC17()[pri:0, instance:TestNG.TC_17@4f6ee6e4]" started-at="2023-02-21T23:36:57 IST" name="validtae_TC17" finished-at="2023-02-21T23:37:17 IST" duration-ms="19685" status="PASS">
          <reporter-output>
          </reporter-output>
        </test-method> <!-- validtae_TC17 -->
      </class> <!-- TestNG.TC_17 -->
      <class name="TestNG.TC_05">
        <test-method signature="validate_TC05()[pri:0, instance:TestNG.TC_05@6b927fb]" started-at="2023-02-21T23:38:26 IST" name="validate_TC05" finished-at="2023-02-21T23:38:50 IST" duration-ms="24269" status="PASS">
          <reporter-output>
          </reporter-output>
        </test-method> <!-- validate_TC05 -->
      </class> <!-- TestNG.TC_05 -->
      <class name="TestNG.TC_16">
        <test-method signature="validate_TC16()[pri:0, instance:TestNG.TC_16@a514af7]" started-at="2023-02-21T23:38:06 IST" name="validate_TC16" finished-at="2023-02-21T23:38:26 IST" duration-ms="19961" status="PASS">
          <reporter-output>
          </reporter-output>
        </test-method> <!-- validate_TC16 -->
      </class> <!-- TestNG.TC_16 -->
      <class name="TestNG.TC_19">
        <test-method signature="validate_TC19()[pri:0, instance:TestNG.TC_19@5ffead27]" started-at="2023-02-21T23:35:49 IST" name="validate_TC19" finished-at="2023-02-21T23:36:07 IST" duration-ms="18668" status="PASS">
          <reporter-output>
          </reporter-output>
        </test-method> <!-- validate_TC19 -->
      </class> <!-- TestNG.TC_19 -->
      <class name="TestNG.TC_08">
        <test-method signature="validaye_TC08()[pri:0, instance:TestNG.TC_08@6356695f]" started-at="2023-02-21T23:36:07 IST" name="validaye_TC08" finished-at="2023-02-21T23:36:28 IST" duration-ms="20340" status="PASS">
          <reporter-output>
          </reporter-output>
        </test-method> <!-- validaye_TC08 -->
      </class> <!-- TestNG.TC_08 -->
      <class name="TestNG.TC_18">
        <test-method signature="validate_TC18()[pri:0, instance:TestNG.TC_18@1fa268de]" started-at="2023-02-21T23:36:28 IST" name="validate_TC18" finished-at="2023-02-21T23:36:57 IST" duration-ms="29353" status="PASS">
          <reporter-output>
          </reporter-output>
        </test-method> <!-- validate_TC18 -->
      </class> <!-- TestNG.TC_18 -->
      <class name="TestNG.TC_09">
        <test-method signature="validate_TC09()[pri:0, instance:TestNG.TC_09@294425a7]" started-at="2023-02-21T23:43:41 IST" name="validate_TC09" finished-at="2023-02-21T23:44:09 IST" duration-ms="27956" status="PASS">
          <reporter-output>
          </reporter-output>
        </test-method> <!-- validate_TC09 -->
      </class> <!-- TestNG.TC_09 -->
      <class name="TestNG.TC_20">
        <test-method signature="validate_TC20()[pri:0, instance:TestNG.TC_20@4567f35d]" started-at="2023-02-21T23:35:23 IST" name="validate_TC20" finished-at="2023-02-21T23:35:49 IST" duration-ms="26095" status="PASS">
          <reporter-output>
          </reporter-output>
        </test-method> <!-- validate_TC20 -->
      </class> <!-- TestNG.TC_20 -->
      <class name="TestNG.TC_22">
        <test-method signature="validate_TC22()[pri:0, instance:TestNG.TC_22@52e6fdee]" started-at="2023-02-21T23:33:45 IST" name="validate_TC22" finished-at="2023-02-21T23:34:10 IST" duration-ms="25307" status="PASS">
          <reporter-output>
          </reporter-output>
        </test-method> <!-- validate_TC22 -->
      </class> <!-- TestNG.TC_22 -->
      <class name="TestNG.TC_11">
        <test-method signature="validate_TC11()[pri:0, instance:TestNG.TC_11@44ebcd03]" started-at="2023-02-21T23:34:10 IST" name="validate_TC11" finished-at="2023-02-21T23:34:33 IST" duration-ms="22989" status="PASS">
          <reporter-output>
          </reporter-output>
        </test-method> <!-- validate_TC11 -->
      </class> <!-- TestNG.TC_11 -->
      <class name="TestNG.TC_21">
        <test-method signature="validate_TC21()[pri:0, instance:TestNG.TC_21@694abbdc]" started-at="2023-02-21T23:34:33 IST" name="validate_TC21" finished-at="2023-02-21T23:35:00 IST" duration-ms="26735" status="PASS">
          <reporter-output>
          </reporter-output>
        </test-method> <!-- validate_TC21 -->
      </class> <!-- TestNG.TC_21 -->
      <class name="TestNG.TC_10">
        <test-method signature="validate_TC10()[pri:0, instance:TestNG.TC_10@2e005c4b]" started-at="2023-02-21T23:35:00 IST" name="validate_TC10" finished-at="2023-02-21T23:35:23 IST" duration-ms="22972" status="PASS">
          <reporter-output>
          </reporter-output>
        </test-method> <!-- validate_TC10 -->
      </class> <!-- TestNG.TC_10 -->
      <class name="TestNG.TC_24">
        <test-method signature="validate_TC24()[pri:0, instance:TestNG.TC_24@79924b]" started-at="2023-02-21T23:40:26 IST" name="validate_TC24" finished-at="2023-02-21T23:41:30 IST" duration-ms="63617" status="PASS">
          <reporter-output>
          </reporter-output>
        </test-method> <!-- validate_TC24 -->
      </class> <!-- TestNG.TC_24 -->
      <class name="TestNG.TC_13">
        <test-method signature="validate_TC13()[pri:0, instance:TestNG.TC_13@7b9a4292]" started-at="2023-02-21T23:41:30 IST" name="validate_TC13" finished-at="2023-02-21T23:42:10 IST" duration-ms="40126" status="PASS">
          <reporter-output>
          </reporter-output>
        </test-method> <!-- validate_TC13 -->
      </class> <!-- TestNG.TC_13 -->
      <class name="TestNG.TC_01">
        <test-method signature="validate_TC01()[pri:0, instance:TestNG.TC_01@6379eb]" started-at="2023-02-21T23:43:06 IST" name="validate_TC01" finished-at="2023-02-21T23:43:41 IST" duration-ms="35084" status="PASS">
          <reporter-output>
          </reporter-output>
        </test-method> <!-- validate_TC01 -->
      </class> <!-- TestNG.TC_01 -->
      <class name="TestNG.TC_23">
        <test-method signature="validate_TC23()[pri:0, instance:TestNG.TC_23@4a94ee4]" started-at="2023-02-21T23:42:10 IST" name="validate_TC23" finished-at="2023-02-21T23:42:33 IST" duration-ms="22303" status="PASS">
          <reporter-output>
          </reporter-output>
        </test-method> <!-- validate_TC23 -->
      </class> <!-- TestNG.TC_23 -->
      <class name="TestNG.TC_12">
        <test-method signature="validate_TC12()[pri:0, instance:TestNG.TC_12@4cc451f2]" started-at="2023-02-21T23:42:33 IST" name="validate_TC12" finished-at="2023-02-21T23:43:06 IST" duration-ms="33550" status="PASS">
          <reporter-output>
          </reporter-output>
        </test-method> <!-- validate_TC12 -->
      </class> <!-- TestNG.TC_12 -->
    </test> <!-- Test -->
  </suite> <!-- Suite -->
</testng-results>
